
[New entry]
<<< .
>>> /nix/var/nix/profiles/system-286-link

---

2025年07月14日 21時08分29秒
<<< /nix/var/nix/profiles/system-286-link
>>> /nix/var/nix/profiles/system-287-link
Version changes:
[D.]  #1  nixos-system-acer  25.11.20250708.9807714.39f0f2c -> 25.11.20250708.9807714.e0d7a02
Closure size: 2554 -> 2554 (48 paths added, 48 paths removed, delta +0, disk usage +27.1KiB).

---

2025年07月16日 22時57分02秒
<<< /nix/var/nix/profiles/system-287-link
>>> /nix/var/nix/profiles/system-288-link
Version changes:
[C.]  #1  gdk-pixbuf-loaders.cache  <none> -> <none> x2
[C.]  #2  libinput                  1.28.1 x2 -> 1.28.1
[C.]  #3  libwacom                  2.15.0, 2.16.1 -> 2.16.1
[U.]  #4  nixos-system-acer         25.11.20250708.9807714.e0d7a02 -> 25.11.20250708.9807714.9bddc54
[C*]  #5  pipewire                  1.4.5 x2, 1.4.5-jack -> 1.4.5 x2, 1.4.5-dev, 1.4.5-jack
[C.]  #6  python3                   3.12.11, 3.13.4 x3, 3.13.4-env x6 -> 3.12.11, 3.13.4 x3, 3.13.4-env x7
Added packages:
[A.]  #01  config.toml                                   <none>
[A.]  #02  dmenu                                         5.3
[A.]  #03  etc-xdg-xdg-desktop-portal-niri-portals.conf  <none>
[A.]  #04  etc-xdg-xdg-desktop-portal-obs-portals.conf   <none>
[A.]  #05  niri                                          <none>
[A.]  #06  niri-config                                   <none>
[A+]  #07  niri-unstable                                 2025-07-14-746a7e8
[A.]  #08  niri-uwsm                                     <none>
[A.]  #09  niriswitcher-style.css                        <none>
[A.]  #10  niriswitcher.service                          <none>
[A.]  #11  python3.13-niriswitcher                       0.7.0, 0.7.0-fish-completions
[A.]  #12  python3.13-pydbus                             0.6.0
[A.]  #13  swaylock.pam                                  <none>
[A.]  #14  unit-niri-flake-polkit.service-disabled       <none>
[A+]  #15  uwsm                                          0.23.0
[A+]  #16  xdg-desktop-portal-gnome                      48.0
Removed packages:
[R.]  #01  autostart.sh                                    <none> x2
[R.]  #02  backlight.sh                                    <none>
[R.]  #03  etc-maomao-config.conf                          <none>
[R.]  #04  etc-xdg-xdg-desktop-portal-maomao-portals.conf  <none>
[R.]  #05  font-util                                       1.4.1
[R.]  #06  grim                                            1.4.1
[R.]  #07  libXfont2                                       2.0.7
[R.]  #08  libei                                           1.4.1 x2
[R.]  #09  libfontenc                                      1.1.8
[R.]  #10  libliftoff                                      0.5.0
[R.]  #11  libtirpc                                        1.3.6
[R.]  #12  libxcvt                                         0.1.3
[R.]  #13  maomao-session.target                           <none>
[R-]  #14  maomaowm-nightly                                <none>
[R.]  #15  maomaowm-nightly-fish-completions               <none>
[R-]  #16  mmsg-nightly                                    <none>
[R.]  #17  open_actionMenu                                 <none> x2
[R.]  #18  open_clipboardMenu                              <none> x2
[R.]  #19  open_recordMenu                                 <none> x2
[R.]  #20  satty                                           0.19.0
[R.]  #21  scenefx                                         0.4.1-git-lib
[R.]  #22  switch_ime                                      <none> x2
[R.]  #23  take_screenshot                                 <none> x2
[R.]  #24  unit-xdg-desktop-portal-wlr.service             <none>
[R.]  #25  wl-clip-persist                                 0.4.3
[R.]  #26  wlroots                                         0.19.0 x2
[R.]  #27  xcb-util-errors                                 1.0.1
[R-]  #28  xdg-desktop-portal-wlr                          0.7.1
[R.]  #29  xdg-desktop-portal-wlr.ini                      <none>
[R-]  #30  xwayland                                        24.1.8 x2
Closure size: 2554 -> 2533 (58 paths added, 79 paths removed, delta -21, disk usage +232.4MiB).
