
---

2025年07月03日 23時12分23秒

---

2025年07月03日 23時15分38秒
<<< .
>>> /nix/var/nix/profiles/system-238-link
<<< .
>>> /nix/var/nix/profiles/system-238-link

---

2025年07月03日 23時33分41秒
<<< /nix/var/nix/profiles/system-238-link
>>> /nix/var/nix/profiles/system-239-link
No version or selection state changes.
Closure size: 2687 -> 2687 (4 paths added, 4 paths removed, delta +0, disk usage +176B).

---

2025年07月03日 23時35分49秒
<<< /nix/var/nix/profiles/system-239-link
>>> /nix/var/nix/profiles/system-240-link
No version or selection state changes.
Closure size: 2687 -> 2687 (4 paths added, 4 paths removed, delta +0, disk usage +248B).

---

2025年07月03日 23時45分17秒
<<< /nix/var/nix/profiles/system-240-link
>>> /nix/var/nix/profiles/system-241-link
No version or selection state changes.
Closure size: 2687 -> 2687 (4 paths added, 4 paths removed, delta +0, disk usage +264B).
