
[New entry]
<<< .
>>> /nix/var/nix/profiles/system-291-link

---

2025年07月23日 02時40分25秒
<<< /nix/var/nix/profiles/system-291-link
>>> /nix/var/nix/profiles/system-292-link
Version changes:
[C.]  #1  libpcap            1.10.5 x2 -> 1.10.5 x3
[D.]  #2  nixos-system-acer  25.11.20250719.c87b95e.fd77a7c -> 25.11.20250719.c87b95e.dirty
[C.]  #3  qtmultimedia       5.15.17, 5.15.17-bin -> 5.15.17, 5.15.17-bin, 6.9.1
[C.]  #4  source             <none> x19 -> <none> x18
[C.]  #5  spandsp            0.0.6 -> 0.0.6, 3.0.0
Added packages:
[A.]  #01  bcg729                                              1.1.1
[A.]  #02  c-ares                                              1.34.5
[A.]  #03  libmaxminddb                                        1.12.2
[A.]  #04  libsmi                                              0.5.0
[A.]  #05  minizip                                             1.3.1
[A.]  #06  nghttp3                                             1.10.1
[A.]  #07  qt5compat                                           6.9.1
[A.]  #08  qtquick3d                                           6.9.1
[A.]  #09  qtshadertools                                       6.9.1
[A.]  #10  security-wrapper-dumpcap-x86_64-unknown-linux-musl  <none>
[A.]  #11  snappy                                              1.2.2
[A+]  #12  wireshark-qt                                        4.4.8
Removed packages:
[R.]  #1  wlr-randr  0.5.0
Closure size: 2528 -> 2541 (50 paths added, 37 paths removed, delta +13, disk usage +249.9MiB).

---

2025年07月24日 02時00分34秒
<<< /nix/var/nix/profiles/system-292-link
>>> /nix/var/nix/profiles/system-293-link
Added packages:
[A.]  #1  unit-btrfs-scrub-persist.service  <none>
[A.]  #2  unit-btrfs-scrub-persist.timer    <none>
Removed packages:
[R.]  #1  unit-btrfs-scrub--.service  <none>
[R.]  #2  unit-btrfs-scrub--.timer    <none>
Closure size: 2541 -> 2541 (14 paths added, 14 paths removed, delta +0, disk usage +2.8KiB).

---

2025年07月25日 00時13分18秒
<<< /nix/var/nix/profiles/system-293-link
>>> /nix/var/nix/profiles/system-294-link
Version changes:
[U*]  #01  bind                 9.20.10-dnsutils, 9.20.10-host, 9.20.10-lib -> 9.20.11-dnsutils, 9.20.11-host, 9.20.11-lib
[U.]  #02  deno                 2.4.0 -> 2.4.2
[U.]  #03  electron             35.7.2 -> 37.2.2
[U.]  #04  electron-unwrapped   35.7.2 -> 37.2.2
[C.]  #05  gcc                  13.3.0-lib, 13.3.0-libgcc, 14.2.1.20250322-lib, 14.2.1.20250322-libgcc, 14.3.0, 14.3.0-lib x3, 14.3.0-libgcc x3 -> 13.3.0-lib, 13.3.0-libgcc, 14.2.1.20250322-lib, 14.2.1.20250322-libgcc, 14.3.0, 14.3.0-lib x2, 14.3.0-libgcc x2, 15.1.0-lib, 15.1.0-libgcc
[U.]  #06  intel-gmmlib         22.7.3 -> 22.8.1
[U.]  #07  just                 1.42.2, 1.42.2-fish-completions, 1.42.2-man -> 1.42.3, 1.42.3-fish-completions, 1.42.3-man
[U.]  #08  librewolf            140.0.2-1 x2, 140.0.2-1-fish-completions -> 140.0.4-1 x2, 140.0.4-1-fish-completions
[U.]  #09  librewolf-unwrapped  140.0.2-1 -> 140.0.4-1
[U.]  #10  libtracefs           1.8.1 -> 1.8.2
[U.]  #11  nixos-system-acer    25.11.20250719.c87b95e.dirty -> 25.11.20250723.fc02ee7.e825185
[C.]  #12  nss                  3.101.2, 3.113 -> 3.101.2, 3.114
[U.]  #13  yt-dlp               2025.6.30, 2025.6.30-fish-completions -> 2025.07.21, 2025.07.21-fish-completions
Added packages:
[A.]  #1  all-plugins      <none>
[A+]  #2  alsa-utils       1.2.13
[A.]  #3  hm_sumelan.jpg   <none>
[A.]  #4  themed-logo.png  <none>
Removed packages:
[R.]  #1  anime-logo.png  <none>
[R.]  #2  undotree        28f2f54a
Closure size: 2541 -> 2543 (163 paths added, 161 paths removed, delta +2, disk usage +19.4MiB).

---

2025年07月28日 02時39分46秒
<<< /nix/var/nix/profiles/system-294-link
>>> /nix/var/nix/profiles/system-297-link
Version changes:
[U.]  #01  basedpyright             1.30.1 -> 1.31.0
[U.]  #02  easyeffects              7.2.4, 7.2.4-fish-completions -> 7.2.5, 7.2.5-fish-completions
[U*]  #03  fwupd                    2.0.12, 2.0.12-lib -> 2.0.13, 2.0.13-lib
[U.]  #04  gh                       2.76.0, 2.76.0-fish-completions -> 2.76.1, 2.76.1-fish-completions
[C.]  #05  gnutls                   3.8.9 x2 -> 3.8.9 x2, 3.8.9-bin, 3.8.9-dev
[U.]  #06  initrd-linux-zen         6.15.6 -> 6.15.7
[C.]  #07  libgcrypt                1.11.1-lib x2 -> 1.11.1, 1.11.1-bin, 1.11.1-dev, 1.11.1-lib x2
[C.]  #08  libgpg-error             1.55 x2 -> 1.55 x2, 1.55-dev
[U.]  #09  linux-zen                6.15.6, 6.15.6-modules, 6.15.6-modules-shrunk -> 6.15.7, 6.15.7-modules, 6.15.7-modules-shrunk
[C.]  #10  nettle                   3.10.1 x2 -> 3.10.1 x2, 3.10.1-dev
[C*]  #11  networkmanager           1.52.1 -> 1.52.1, 1.52.1-dev
[U.]  #12  nixos-system-acer        25.11.20250723.fc02ee7.e825185 -> 25.11.20250725.7fd36ee.9a1c535
[U.]  #13  rust-analyzer            2025-07-14 -> 2025-07-21
[U.]  #14  rust-analyzer-unwrapped  2025-07-14 -> 2025-07-21
[C.]  #15  tbb                      2020.3.3, 2021.12.0 -> 2021.12.0
[U.]  #16  vpl-gpu-rt               25.2.6 -> 25.3.0
Added packages:
[A.]  #01  apt                                    3.1.2
[A.]  #02  base16-gruvbox-dark-pale.conf          <none>
[A.]  #03  base16-gruvbox-dark-pale.css           <none>
[A.]  #04  base16-gruvbox-dark-pale.fish          <none>
[A.]  #05  base16-gruvbox-dark-pale.html          <none>
[A.]  #06  base16-gruvbox-dark-pale.json          <none>
[A.]  #07  base16-gruvbox-dark-pale.svg           <none> x2
[A.]  #08  base16-gruvbox-dark-pale.tmTheme       <none>
[A.]  #09  base16-gruvbox-dark-pale.xml           <none>
[A+]  #10  capitaine-cursors-themed               5, 5-fish-completions
[A.]  #11  dpkg                                   1.22.20
[A.]  #12  gnome-icon-theme                       3.12.0
[A.]  #13  gruvbox-dark-pale-gnome-shell-theme    <none>
[A+]  #14  gruvbox-plus-icons                     6.2.0, 6.2.0-fish-completions
[A.]  #15  libappindicator-gtk3                   12.10.1+20.10.20200706.1
[A.]  #16  open-float                             <none>
[A.]  #17  open-float-fish-completions            <none>
[A.]  #18  proton-pass                            1.32.2, 1.32.2-fish-completions
[A.]  #19  protonmail-desktop                     1.8.1, 1.8.1-fish-completions
[A.]  #20  protonvpn-gui                          4.9.7, 4.9.7-fish-completions
[A.]  #21  python3.13-aiodns                      3.5.0
[A.]  #22  python3.13-aiohappyeyeballs            2.6.1
[A.]  #23  python3.13-aiohttp                     3.12.13
[A.]  #24  python3.13-aiosignal                   1.3.2
[A.]  #25  python3.13-async-timeout               5.0.1
[A.]  #26  python3.13-attrs                       25.3.0
[A.]  #27  python3.13-bcrypt                      4.3.0
[A.]  #28  python3.13-distro                      1.9.0
[A.]  #29  python3.13-frozenlist                  1.6.0
[A.]  #30  python3.13-jaraco-classes              3.4.0
[A.]  #31  python3.13-jaraco-context              6.0.1
[A.]  #32  python3.13-jaraco-functools            4.1.0
[A.]  #33  python3.13-jinja2                      3.1.6
[A.]  #34  python3.13-keyring                     25.6.0
[A.]  #35  python3.13-more-itertools              10.7.0
[A.]  #36  python3.13-multidict                   6.4.4
[A.]  #37  python3.13-propcache                   0.3.1
[A.]  #38  python3.13-proton-core                 0.4.0
[A.]  #39  python3.13-proton-keyring-linux        0.2.0
[A.]  #40  python3.13-proton-vpn-api-core         0.42.5
[A.]  #41  python3.13-proton-vpn-local-agent      1.4.5
[A.]  #42  python3.13-proton-vpn-network-manager  0.12.14
[A.]  #43  python3.13-pycares                     4.9.0
[A.]  #44  python3.13-pynacl                      1.5.0
[A.]  #45  python3.13-pyopenssl                   25.1.0, 25.1.0-dev
[A.]  #46  python3.13-python-gnupg                0.5.4
[A.]  #47  python3.13-sentry-sdk                  2.25.0
[A.]  #48  python3.13-typing-extensions           4.13.2
[A.]  #49  python3.13-yarl                        1.21.1
Removed packages:
[R.]  #01  base16-catppuccin-frappe.conf        <none>
[R.]  #02  base16-catppuccin-frappe.css         <none>
[R.]  #03  base16-catppuccin-frappe.fish        <none>
[R.]  #04  base16-catppuccin-frappe.html        <none>
[R.]  #05  base16-catppuccin-frappe.json        <none>
[R.]  #06  base16-catppuccin-frappe.svg         <none> x2
[R.]  #07  base16-catppuccin-frappe.tmTheme     <none>
[R.]  #08  base16-catppuccin-frappe.xml         <none>
[R-]  #09  catppuccin-cursors                   2.0.0-fish-completions, 2.0.0-frappeDark
[R.]  #10  catppuccin-frappe-gnome-shell-theme  <none>
[R-]  #11  catppuccin-papirus-folders-unstable  2023-08-02, 2023-08-02-fish-completions
Closure size: 2543 -> 2592 (228 paths added, 179 paths removed, delta +49, disk usage +370.9MiB).
