
[New entry]
<<< .
>>> /nix/var/nix/profiles/system-4-link

---

2025年10月05日 17時14分16秒
<<< /nix/var/nix/profiles/system-4-link
>>> /nix/var/nix/profiles/system-5-link
Version changes:
[D.]  #1  nixos-system-minibook  25.11.20250928.e9f00bd.dirty -> 25.11.20250928.e9f00bd.cc46bd7
Closure size: 2539 -> 2539 (10 paths added, 10 paths removed, delta +0, disk usage +344B).

---

2025年10月05日 22時43分40秒
<<< /nix/var/nix/profiles/system-5-link
>>> /nix/var/nix/profiles/system-6-link
Version changes:
[U.]  #01  basedpyright                       1.31.4 -> 1.31.5
[U.]  #02  electron                           37.5.1 -> 37.6.0
[U.]  #03  electron-unwrapped                 37.5.1 -> 37.6.0
[D.]  #04  fidget-nvim                        4d5858bd -> 3f547594
[U.]  #05  fish                               4.0.8, 4.0.8-doc, 4.0.8-fish-completions -> 4.1.1, 4.1.1-doc, 4.1.1-fish-completions
[U.]  #06  gitlinker-nvim                     5d448b14 -> 7c1fae10
[D.]  #07  gitsigns-nvim                      6e3c6654 -> 1ee5c1fd
[D.]  #08  gruvbox                            12c26242 -> 5e0a460d
[U.]  #09  jujutsu                            0.33.0, 0.33.0-fish-completions -> 0.34.0, 0.34.0-fish-completions
[U.]  #10  just                               1.42.4, 1.42.4-fish-completions, 1.42.4-man -> 1.43.0, 1.43.0-fish-completions, 1.43.0-man
[U.]  #11  kitty                              0.42.2, 0.42.2-fish-completions, 0.42.2-terminfo -> 0.43.1, 0.43.1-fish-completions, 0.43.1-terminfo
[U.]  #12  librewolf                          143.0-1 x2, 143.0-1-fish-completions -> 143.0.3-1 x2, 143.0.3-1-fish-completions
[U.]  #13  librewolf-unwrapped                143.0-1 -> 143.0.3-1
[U.]  #14  libupnp                            1.14.18 -> 1.14.25
[D.]  #15  lz-n                               590d1fca -> 9fc3d823
[U.]  #16  mesa                               25.2.3 -> 25.2.4
[U.]  #17  nixos-system-minibook              25.11.20250928.e9f00bd.cc46bd7 -> 25.11.20251002.7df7ff7.e17f267
[U.]  #18  noctalia-shell                     4b84e48e8eb83c49af2f89451262bfddbcce150d, 4b84e48e8eb83c49af2f89451262bfddbcce150d-fish-completions -> 17fa29abc4b61902f6a9620d88bbebbe828ac71e, 17fa29abc4b61902f6a9620d88bbebbe828ac71e-fish-completions
[D.]  #19  none-ls-nvim                       53ec7718 -> 5cf63841
[U.]  #20  nvim-notify                        397c7c11 -> 8701bece
[C.]  #21  proton-pass                        1.32.6, 1.32.6-fish-completions, 1.32.7 -> 1.32.6, 1.32.6-fish-completions, 1.32.9
[U.]  #22  python3.13-proton-vpn-local-agent  1.4.5 -> 1.4.8
[U*]  #23  qt6ct                              0.10, 0.10-fish-completions -> 0.11, 0.11-fish-completions
[U.]  #24  rainbow-delimiters-nvim            97bf4b8e -> 3277ad5f
[U.]  #25  rustaceanvim                       7abb29ab -> 7c927193
[U.]  #26  stylua                             2.2.0 -> 2.3.0
[U.]  #27  tdb                                1.4.13 -> 1.4.14
[U.]  #28  tinymist                           0.13.26 -> 0.13.28
[U.]  #29  which-key-nvim                     370ec46f -> 904308e6
Added packages:
[A.]  #01  conform-nvim                9d6f881a
[A.]  #02  hunk-nvim-c21f15db          <none>
[A.]  #03  leap-nvim                   07304103
[A.]  #04  lspkind-nvim                3ddd1b4e
[A.]  #05  luasnip                     73813308
[A.]  #06  neo-tree-nvim               9130e584
[A.]  #07  nvim-lint                   335a6044
[A.]  #08  nvim-lspconfig-db8fef88     <none>
[A.]  #09  nvim-surround               75de1782
[A.]  #10  nvim-ts-autotag-c4ca798a    <none>
[A.]  #11  nvim-web-devicons-b8221e42  <none>
[A.]  #12  otter-nvim-c44d645f         <none>
[A.]  #13  render-markdown-nvim        7e6af36c
[A.]  #14  snacks-nvim-da230e3c        <none>
[A.]  #15  trouble-f176232e            <none>
[A.]  #16  typst-preview-nvim          1603d37b
[A.]  #17  unit-sysroot-run.mount      <none>
Removed packages:
[R.]  #01  conform-nvim-b4aab989          <none>
[R.]  #02  hunk-nvim                      1e0a4d71
[R.]  #03  initrd-fstab                   <none>
[R.]  #04  initrd-shadow                  <none>
[R.]  #05  leap-nvim-e9cb442c             <none>
[R.]  #06  lspkind-nvim-d79a1c32          <none>
[R.]  #07  luasnip-de10d841               <none>
[R.]  #08  neo-tree-nvim-aa27c5cb         <none>
[R.]  #09  nvim-lint-f126af53             <none>
[R.]  #10  nvim-lspconfig-f8474abb        <none>
[R.]  #11  nvim-surround-a868c256         <none>
[R.]  #12  nvim-ts-autotag-a1d526af       <none>
[R.]  #13  nvim-web-devicons-f66cdfef     <none>
[R.]  #14  otter-nvim                     71fec0dc
[R.]  #15  render-markdown-nvim-e76eb2e4  <none>
[R.]  #16  snacks-nvim                    5eac729f
[R.]  #17  trouble                        85bedb7e
[R.]  #18  typst-preview-nvim-dea4525d    <none>
Closure size: 2539 -> 2538 (333 paths added, 334 paths removed, delta -1, disk usage +36.9MiB).
