
[New entry]
<<< .
>>> /nix/var/nix/profiles/system-282-link

---

2025年07月23日 02時43分30秒
<<< /nix/var/nix/profiles/system-282-link
>>> /nix/var/nix/profiles/system-283-link
Version changes:
[D.]  #1  nixos-system-sakura  25.11.20250719.c87b95e.3f2db80 -> 25.11.20250719.c87b95e.fd6ec65
[C.]  #2  source               <none> x19 -> <none> x18
Removed packages:
[R.]  #1  wlr-randr  0.5.0
Closure size: 2529 -> 2527 (24 paths added, 26 paths removed, delta -2, disk usage -696.5KiB).

---

2025年07月23日 15時28分39秒
<<< /nix/var/nix/profiles/system-283-link
>>> /nix/var/nix/profiles/system-284-link
Version changes:
[C.]  #1  llvm                 19.1.7-lib x2 -> 19.1.7-lib x2, 20.1.6-lib
[U.]  #2  nixos-system-sakura  25.11.20250719.c87b95e.fd6ec65 -> 25.11.20250719.c87b95e.08d9bd1
Added packages:
[A.]  #1  rustc     1.88.0
[A.]  #2  rustdesk  1.4.0, 1.4.0-fish-completions
[A.]  #3  xdotool   3.20211022.1
Closure size: 2527 -> 2532 (27 paths added, 22 paths removed, delta +5, disk usage +1.5GiB).

---

2025年07月24日 02時03分28秒
<<< /nix/var/nix/profiles/system-284-link
>>> /nix/var/nix/profiles/system-285-link
Version changes:
[C.]  #1  abseil-cpp                20250512.1 x2 -> 20210324.2, 20250512.1 x2
[C.]  #2  btrfs-scrub-maybe-cancel  <none> x2 -> <none> x3
[C.]  #3  icu4c                     75.1, 76.1 x2, 76.1-dev, 77.1 -> 76.1 x2, 76.1-dev, 77.1
[C.]  #4  llvm                      19.1.7-lib x2, 20.1.6-lib -> 19.1.7-lib x2
[D.]  #5  nixos-system-sakura       25.11.20250719.c87b95e.08d9bd1 -> 25.11.20250719.c87b95e.4a08d51
[C.]  #6  nodejs                    22.17.0 -> 22.17.0, 22.17.0-source
[C.]  #7  python3                   3.12.11, 3.13.5 x3, 3.13.5-env x7 -> 3.13.5 x3, 3.13.5-env x7
Selection state changes:
[C-]  #1  blueman           2.4.6
[C-]  #2  bluez             5.83 x2
[C-]  #3  obex-data-server  0.4.6
Added packages:
[A.]  #01  aribb24                                   1.0.4
[A.]  #02  audiobookshelf                            2.26.1, 2.26.1-npm-deps
[A.]  #03  celt                                      0.11.3
[A.]  #04  codec2                                    1.2.0-lib
[A.]  #05  ffmpeg-full                               7.1.1-bin, 7.1.1-data, 7.1.1-lib
[A.]  #06  frei0r-plugins                            2.3.3
[A.]  #07  getopt                                    1.1.6
[A.]  #08  gflags                                    2.2.2
[A.]  #09  gfortran                                  14.3.0-lib, 14.3.0-libgcc
[A.]  #10  glog                                      0.7.1
[A.]  #11  hdf5-cpp                                  1.14.6
[A.]  #12  kvazaar                                   2.3.1-lib
[A.]  #13  lcevcdec                                  3.3.8-lib
[A.]  #14  libaribcaption                            1.1.1
[A.]  #15  libilbc                                   3.0.4
[A.]  #16  libvpl                                    2.15.0
[A.]  #17  nunicode                                  1.11-sqlite
[A.]  #18  openblas                                  0.3.30
[A.]  #19  opencv                                    4.11.0
[A.]  #20  protobuf                                  21.12
[A.]  #21  quirc                                     1.2
[A.]  #22  rav1e                                     0.8.0
[A.]  #23  shine                                     3.1.1
[A.]  #24  snappy                                    1.2.2
[A.]  #25  unit-audiobookshelf.service               <none>
[A.]  #26  unit-btrfs-scrub-media                    4TWD.service, 4TWD.timer
[A.]  #27  unit-btrfs-scrub-media-IRONWOLF2.service  <none>
[A.]  #28  unit-btrfs-scrub-media-IRONWOLF2.timer    <none>
[A.]  #29  unit-btrfs-scrub-persist.service          <none>
[A.]  #30  unit-btrfs-scrub-persist.timer            <none>
[A.]  #31  vo-amrwbenc                               0.1.3
[A.]  #32  vvenc                                     1.13.1-lib
[A.]  #33  xavs                                      55
[A.]  #34  xevd                                      0.5.0-lib
[A.]  #35  xeve                                      0.5.1-lib
[A.]  #36  zeromq                                    4.3.5
Removed packages:
[R.]  #01  all-plugins                               <none>
[R-]  #02  alsa-utils                                1.2.13
[R.]  #03  blueman-applet.service                    <none>
[R.]  #04  btrbk-local-backup.conf                   <none>
[R.]  #05  cyanrip                                   0.9.3.1, 0.9.3.1-fish-completions
[R.]  #06  foliate                                   3.3.0, 3.3.0-fish-completions
[R.]  #07  freetube                                  0.23.5, 0.23.5-fish-completions
[R.]  #08  gjs                                       1.84.2
[R.]  #09  gst-libav                                 1.26.0
[R.]  #10  gstreamer-vaapi                           1.26.0
[R.]  #11  harfbuzz-icu                              11.2.1
[R.]  #12  hidapi                                    0.15.0
[R.]  #13  hm_settings.db                            <none>
[R.]  #14  hyphen                                    2.8.8
[R.]  #15  input.conf                                <none>
[R.]  #16  libappindicator-gtk3                      12.10.1+20.10.20200706.1
[R.]  #17  libbacktrace                              0-unstable-2024-03-02
[R.]  #18  libdiscid                                 0.6.5
[R.]  #19  libmanette                                0.2.12
[R.]  #20  libmusicbrainz                            5.1.0
[R-]  #21  ltunify                                   0.3
[R.]  #22  main.conf                                 <none>
[R.]  #23  mpris-proxy.service                       <none>
[R.]  #24  network.conf                              <none>
[R.]  #25  picard                                    2.13.3, 2.13.3-fish-completions
[R.]  #26  python3.12-dbus-python                    1.4.0, 1.4.0-dev
[R.]  #27  python3.12-discid                         1.2.0
[R.]  #28  python3.12-fasteners                      0.19
[R.]  #29  python3.12-markdown                       3.8
[R.]  #30  python3.12-mutagen                        1.47.0
[R.]  #31  python3.12-pyjwt                          2.10.1
[R.]  #32  python3.12-pyqt5                          5.15.10, 5.15.10-dev
[R.]  #33  python3.12-pyqt5-sip                      12.17.0
[R.]  #34  python3.12-python-dateutil                2.9.0.post0
[R.]  #35  python3.12-pyyaml                         6.0.2
[R.]  #36  python3.12-six                            1.17.0
[R.]  #37  python3.13-evdev                          1.9.2
[R.]  #38  python3.13-hid-parser                     0.0.3
[R.]  #39  python3.13-pyyaml                         6.0.2
[R.]  #40  python3.13-typing-extensions              4.13.2
[R.]  #41  python3.13-xlib                           0.33
[R.]  #42  qtmultimedia                              5.15.17, 5.15.17-bin
[R.]  #43  qtwebchannel                              5.15.17
[R.]  #44  rustc                                     1.88.0
[R.]  #45  rustdesk                                  1.4.0, 1.4.0-fish-completions
[R-]  #46  solaar                                    1.1.14
[R.]  #47  spidermonkey                              128.5.0
[R.]  #48  unit-bluetooth.service                    <none>
[R.]  #49  unit-btrbk-local-backup.service           <none>
[R.]  #50  unit-btrbk-local-backup.timer             <none>
[R.]  #51  unit-btrfs-scrub--.service                <none>
[R.]  #52  unit-btrfs-scrub--.timer                  <none>
[R.]  #53  unit-btrfs-scrub-media.service            <none>
[R.]  #54  unit-btrfs-scrub-media.timer              <none>
[R.]  #55  unit-obex.service                         <none>
[R.]  #56  unit-script-btrbk-local-backup-pre-start  <none>
[R.]  #57  webkitgtk                                 2.48.3+abi=6.0
[R.]  #58  woff2                                     1.0.2-lib
[R.]  #59  xdotool                                   3.20211022.1
Closure size: 2532 -> 2506 (85 paths added, 111 paths removed, delta -26, disk usage -1.1GiB).

---

2025年07月25日 20時24分07秒
<<< /nix/var/nix/profiles/system-285-link
>>> /nix/var/nix/profiles/system-286-link
Version changes:
[U.]  #01  audiobookshelf       2.26.1, 2.26.1-npm-deps -> 2.26.2, 2.26.2-npm-deps
[U*]  #02  bind                 9.20.10-dnsutils, 9.20.10-host, 9.20.10-lib -> 9.20.11-dnsutils, 9.20.11-host, 9.20.11-lib
[U.]  #03  deno                 2.4.0 -> 2.4.2
[U.]  #04  electron             35.7.2 -> 37.2.2
[U.]  #05  electron-unwrapped   35.7.2 -> 37.2.2
[C.]  #06  gcc                  13.3.0-lib, 13.3.0-libgcc, 14.2.1.20250322-lib, 14.2.1.20250322-libgcc, 14.3.0, 14.3.0-lib x3, 14.3.0-libgcc x3 -> 13.3.0-lib, 13.3.0-libgcc, 14.2.1.20250322-lib, 14.2.1.20250322-libgcc, 14.3.0, 14.3.0-lib x2, 14.3.0-libgcc x2, 15.1.0-lib, 15.1.0-libgcc
[U.]  #07  just                 1.42.2, 1.42.2-fish-completions, 1.42.2-man -> 1.42.3, 1.42.3-fish-completions, 1.42.3-man
[U.]  #08  librewolf            140.0.2-1 x2, 140.0.2-1-fish-completions -> 140.0.4-1 x2, 140.0.4-1-fish-completions
[U.]  #09  librewolf-unwrapped  140.0.2-1 -> 140.0.4-1
[U.]  #10  libtracefs           1.8.1 -> 1.8.2
[U.]  #11  nixos-system-sakura  25.11.20250719.c87b95e.4a08d51 -> 25.11.20250723.fc02ee7.1ea0f71
[C.]  #12  nss                  3.101.2, 3.113 -> 3.101.2, 3.114
[U.]  #13  yt-dlp               2025.6.30, 2025.6.30-fish-completions -> 2025.07.21, 2025.07.21-fish-completions
Added packages:
[A.]  #1  hm_sumelan.jpg               <none>
[A.]  #2  open-float                   <none>
[A.]  #3  open-float-fish-completions  <none>
[A.]  #4  themed-logo.png              <none>
Removed packages:
[R.]  #1  anime-logo.png                      <none>
[R.]  #2  undotree                            28f2f54a
[R.]  #3  unit-notify-problems-.service       <none>
[R.]  #4  unit-script-notify-problems_-start  <none>
Closure size: 2506 -> 2506 (150 paths added, 150 paths removed, delta +0, disk usage +16.7MiB).

---

2025年07月30日 03時32分34秒
<<< /nix/var/nix/profiles/system-286-link
>>> /nix/var/nix/profiles/system-287-link
Version changes:
[U.]  #01  basedpyright             1.30.1 -> 1.31.0
[C*]  #02  curl                     8.12.1, 8.14.1 x4, 8.14.1-bin, 8.14.1-fish-completions, 8.14.1-man -> 8.12.1, 8.14.1 x3, 8.14.1-bin, 8.14.1-fish-completions, 8.14.1-man
[U.]  #03  easyeffects              7.2.4, 7.2.4-fish-completions -> 7.2.5, 7.2.5-fish-completions
[C.]  #04  ffmpeg                   4.4.6-data, 4.4.6-lib, 7.1.1-bin, 7.1.1-data, 7.1.1-fish-completions, 7.1.1-lib, 7.1.1-man -> 7.1.1-bin, 7.1.1-data, 7.1.1-fish-completions, 7.1.1-lib, 7.1.1-man
[U*]  #05  fwupd                    2.0.12, 2.0.12-lib -> 2.0.13, 2.0.13-lib
[U.]  #06  gh                       2.76.0, 2.76.0-fish-completions -> 2.76.1, 2.76.1-fish-completions
[C+]  #07  gstreamer                1.26.0 x2 -> 1.26.0 x2, 1.26.0-bin
[U.]  #08  initrd-linux-zen         6.15.6 -> 6.15.7
[U.]  #09  linux-zen                6.15.6, 6.15.6-modules, 6.15.6-modules-shrunk -> 6.15.7, 6.15.7-modules, 6.15.7-modules-shrunk
[U.]  #10  nixos-system-sakura      25.11.20250723.fc02ee7.1ea0f71 -> 25.11.20250725.7fd36ee.f331bbc
[C.]  #11  playerctl                2.4.1, 2.4.1-fish-completions -> 2.4.1
[C.]  #12  python3.13-dbus-python   1.4.0, 1.4.0-dev -> 1.4.0
[U.]  #13  rust-analyzer            2025-07-14 -> 2025-07-21
[U.]  #14  rust-analyzer-unwrapped  2025-07-14 -> 2025-07-21
[C.]  #15  tbb                      2020.3.3, 2021.12.0 -> 2021.12.0
Selection state changes:
[C+]  #1  glib              2.84.3 x2, 2.84.3-bin, 2.84.3-dev
[C+]  #2  gst-plugins-bad   1.26.0
[C+]  #3  gst-plugins-base  1.26.0 x2
[C+]  #4  gst-plugins-good  1.26.0
[C+]  #5  openssl           3.4.1, 3.5.1 x2, 3.5.1-bin, 3.5.1-dev
Added packages:
[A.]  #1  a52dec            0.8.0
[A.]  #2  all-plugins       <none>
[A+]  #3  alsa-utils        1.2.13
[A+]  #4  gst-libav         1.26.0
[A+]  #5  gst-plugins-ugly  1.26.0
[A+]  #6  gstreamer-vaapi   1.26.0
[A.]  #7  libmpeg2          0.5.1
[A.]  #8  qobuz-player      0.3.2-3, 0.3.2-3-fish-completions
Removed packages:
[R.]  #01  audiofile                         0.3.6
[R.]  #02  hm_mpDris2mpDris2.conf            <none>
[R.]  #03  hm_rmpcconfig.ron                 <none>
[R.]  #04  libdbusmenu-glib                  16.04.0
[R.]  #05  libid3tag                         0.16.3
[R.]  #06  libmikmod                         3.3.13
[R.]  #07  libmms                            0.6.4
[R.]  #08  libupnp                           1.14.18
[R.]  #09  mpDris2                           0.9.1
[R.]  #10  mpd                               0.24.4, 0.24.4-fish-completions, 0.24.4-man
[R.]  #11  mpd.conf                          <none>
[R.]  #12  mpd.service                       <none>
[R.]  #13  mpdris2.service                   <none>
[R.]  #14  playerctld.service                <none>
[R.]  #15  python3.13-python-mpd2            3.1.1
[R.]  #16  rmpc                              0.9.0, 0.9.0-fish-completions
[R.]  #17  spicetify-Bloom                   <none>
[R.]  #18  spicetify-Bloom-fish-completions  <none>
[R.]  #19  wlsunset                          0.4.0
[R.]  #20  wlsunset.service                  <none>
[R.]  #21  zziplib                           0.13.80
Closure size: 2506 -> 2486 (113 paths added, 133 paths removed, delta -20, disk usage -327.7MiB).
